[ 2015-06-02T11:19:36+08:00 ] 127.0.0.1 /www/orderSystem/phpinfo.php
INFO: [ route_check ] --START--
INFO: CheckRoute Behavior ::run [ RunTime:0.012001s ]
INFO: [ route_check ] --END-- [ RunTime:0.094005s ]
NOTIC: [8192] preg_replace(): The /e modifier is deprecated, use preg_replace_callback instead D:\www\orderSystem\inc\Lib\Core\Dispatcher.class.php 第 132 行.
NOTIC: [8192] preg_replace(): The /e modifier is deprecated, use preg_replace_callback instead D:\www\orderSystem\inc\Common\common.php 第 217 行.
NOTIC: [2] stripslashes() expects exactly 1 parameter, 2 given D:\www\orderSystem\inc\Lib\Core\App.class.php 第 57 行.
NOTIC: [2] stripslashes() expects exactly 1 parameter, 2 given D:\www\orderSystem\inc\Lib\Core\App.class.php 第 57 行.
NOTIC: [2] stripslashes() expects exactly 1 parameter, 2 given D:\www\orderSystem\inc\Lib\Core\App.class.php 第 57 行.
INFO: [ app_begin ] --START--
INFO: ReadHtmlCache Behavior ::run [ RunTime:0.002000s ]
INFO: [ app_begin ] --END-- [ RunTime:0.003000s ]
INFO: [ view_parse ] --START--
NOTIC: [8192] preg_replace(): The /e modifier is deprecated, use preg_replace_callback instead D:\www\orderSystem\inc\Lib\Template\ThinkTemplate.class.php 第 273 行.
NOTIC: [8192] preg_replace(): The /e modifier is deprecated, use preg_replace_callback instead D:\www\orderSystem\inc\Lib\Template\ThinkTemplate.class.php 第 273 行.
NOTIC: [2] file_get_contents(./templates/mall/Public/leftsider.html): failed to open stream: No such file or directory D:\www\orderSystem\inc\Lib\Template\ThinkTemplate.class.php 第 695 行.
NOTIC: [8192] preg_replace(): The /e modifier is deprecated, use preg_replace_callback instead D:\www\orderSystem\inc\Lib\Template\ThinkTemplate.class.php 第 273 行.
NOTIC: [8192] preg_replace(): The /e modifier is deprecated, use preg_replace_callback instead D:\www\orderSystem\inc\Lib\Template\ThinkTemplate.class.php 第 273 行.
NOTIC: [8192] preg_replace(): The /e modifier is deprecated, use preg_replace_callback instead D:\www\orderSystem\inc\Lib\Template\ThinkTemplate.class.php 第 168 行.
NOTIC: [8192] preg_replace(): The /e modifier is deprecated, use preg_replace_callback instead D:\www\orderSystem\inc\Lib\Template\ThinkTemplate.class.php 第 404 行.
NOTIC: [8192] preg_replace(): The /e modifier is deprecated, use preg_replace_callback instead D:\www\orderSystem\inc\Lib\Template\ThinkTemplate.class.php 第 404 行.
NOTIC: [8192] preg_replace(): The /e modifier is deprecated, use preg_replace_callback instead D:\www\orderSystem\inc\Lib\Template\ThinkTemplate.class.php 第 404 行.
NOTIC: [8192] preg_replace(): The /e modifier is deprecated, use preg_replace_callback instead D:\www\orderSystem\inc\Lib\Template\ThinkTemplate.class.php 第 404 行.
NOTIC: [8192] preg_replace(): The /e modifier is deprecated, use preg_replace_callback instead D:\www\orderSystem\inc\Lib\Template\ThinkTemplate.class.php 第 404 行.
NOTIC: [8192] preg_replace(): The /e modifier is deprecated, use preg_replace_callback instead D:\www\orderSystem\inc\Lib\Template\ThinkTemplate.class.php 第 273 行.
NOTIC: [8192] preg_replace(): The /e modifier is deprecated, use preg_replace_callback instead D:\www\orderSystem\inc\Lib\Template\ThinkTemplate.class.php 第 168 行.
NOTIC: [8192] preg_replace(): The /e modifier is deprecated, use preg_replace_callback instead D:\www\orderSystem\inc\Lib\Template\ThinkTemplate.class.php 第 404 行.
NOTIC: [8192] preg_replace(): The /e modifier is deprecated, use preg_replace_callback instead D:\www\orderSystem\inc\Lib\Template\ThinkTemplate.class.php 第 404 行.
NOTIC: [8192] preg_replace(): The /e modifier is deprecated, use preg_replace_callback instead D:\www\orderSystem\inc\Lib\Template\ThinkTemplate.class.php 第 404 行.
NOTIC: [8192] preg_replace(): The /e modifier is deprecated, use preg_replace_callback instead D:\www\orderSystem\inc\Lib\Template\ThinkTemplate.class.php 第 404 行.
NOTIC: [8192] preg_replace(): The /e modifier is deprecated, use preg_replace_callback instead D:\www\orderSystem\inc\Lib\Template\ThinkTemplate.class.php 第 404 行.
NOTIC: [8192] preg_replace(): The /e modifier is deprecated, use preg_replace_callback instead D:\www\orderSystem\inc\Lib\Template\ThinkTemplate.class.php 第 404 行.
NOTIC: [8192] preg_replace(): The /e modifier is deprecated, use preg_replace_callback instead D:\www\orderSystem\inc\Lib\Template\ThinkTemplate.class.php 第 404 行.
NOTIC: [8192] preg_replace(): The /e modifier is deprecated, use preg_replace_callback instead D:\www\orderSystem\inc\Lib\Template\ThinkTemplate.class.php 第 404 行.
NOTIC: [8192] preg_replace(): The /e modifier is deprecated, use preg_replace_callback instead D:\www\orderSystem\inc\Lib\Template\ThinkTemplate.class.php 第 404 行.
NOTIC: [8192] preg_replace(): The /e modifier is deprecated, use preg_replace_callback instead D:\www\orderSystem\inc\Lib\Template\ThinkTemplate.class.php 第 404 行.
NOTIC: [8192] preg_replace(): The /e modifier is deprecated, use preg_replace_callback instead D:\www\orderSystem\inc\Lib\Template\ThinkTemplate.class.php 第 404 行.
NOTIC: [8192] preg_replace(): The /e modifier is deprecated, use preg_replace_callback instead D:\www\orderSystem\inc\Lib\Template\ThinkTemplate.class.php 第 404 行.
NOTIC: [8192] preg_replace(): The /e modifier is deprecated, use preg_replace_callback instead D:\www\orderSystem\inc\Lib\Template\ThinkTemplate.class.php 第 399 行.
NOTIC: [8192] preg_replace(): The /e modifier is deprecated, use preg_replace_callback instead D:\www\orderSystem\inc\Lib\Template\ThinkTemplate.class.php 第 399 行.
NOTIC: [8192] preg_replace(): The /e modifier is deprecated, use preg_replace_callback instead D:\www\orderSystem\inc\Lib\Template\ThinkTemplate.class.php 第 404 行.
NOTIC: [8192] preg_replace(): The /e modifier is deprecated, use preg_replace_callback instead D:\www\orderSystem\inc\Lib\Template\ThinkTemplate.class.php 第 404 行.
NOTIC: [8192] preg_replace(): The /e modifier is deprecated, use preg_replace_callback instead D:\www\orderSystem\inc\Lib\Template\ThinkTemplate.class.php 第 404 行.
NOTIC: [8192] preg_replace(): The /e modifier is deprecated, use preg_replace_callback instead D:\www\orderSystem\inc\Lib\Template\ThinkTemplate.class.php 第 399 行.
NOTIC: [8192] preg_replace(): The /e modifier is deprecated, use preg_replace_callback instead D:\www\orderSystem\inc\Lib\Template\ThinkTemplate.class.php 第 404 行.
NOTIC: [8192] preg_replace(): The /e modifier is deprecated, use preg_replace_callback instead D:\www\orderSystem\inc\Lib\Template\ThinkTemplate.class.php 第 404 行.
NOTIC: [8192] preg_replace(): The /e modifier is deprecated, use preg_replace_callback instead D:\www\orderSystem\inc\Lib\Template\ThinkTemplate.class.php 第 404 行.
NOTIC: [8192] preg_replace(): The /e modifier is deprecated, use preg_replace_callback instead D:\www\orderSystem\inc\Lib\Template\ThinkTemplate.class.php 第 404 行.
NOTIC: [8192] preg_replace(): The /e modifier is deprecated, use preg_replace_callback instead D:\www\orderSystem\inc\Lib\Template\ThinkTemplate.class.php 第 404 行.
NOTIC: [8192] preg_replace(): The /e modifier is deprecated, use preg_replace_callback instead D:\www\orderSystem\inc\Lib\Template\ThinkTemplate.class.php 第 404 行.
NOTIC: [8192] preg_replace(): The /e modifier is deprecated, use preg_replace_callback instead D:\www\orderSystem\inc\Lib\Template\ThinkTemplate.class.php 第 404 行.
NOTIC: [8192] preg_replace(): The /e modifier is deprecated, use preg_replace_callback instead D:\www\orderSystem\inc\Lib\Template\ThinkTemplate.class.php 第 404 行.
NOTIC: [8192] preg_replace(): The /e modifier is deprecated, use preg_replace_callback instead D:\www\orderSystem\inc\Lib\Template\ThinkTemplate.class.php 第 404 行.
NOTIC: [8192] preg_replace(): The /e modifier is deprecated, use preg_replace_callback instead D:\www\orderSystem\inc\Lib\Template\ThinkTemplate.class.php 第 404 行.
NOTIC: [8192] preg_replace(): The /e modifier is deprecated, use preg_replace_callback instead D:\www\orderSystem\inc\Lib\Template\ThinkTemplate.class.php 第 404 行.
NOTIC: [8192] preg_replace(): The /e modifier is deprecated, use preg_replace_callback instead D:\www\orderSystem\inc\Lib\Template\ThinkTemplate.class.php 第 404 行.
NOTIC: [8192] preg_replace(): The /e modifier is deprecated, use preg_replace_callback instead D:\www\orderSystem\inc\Lib\Template\ThinkTemplate.class.php 第 404 行.
NOTIC: [8192] preg_replace(): The /e modifier is deprecated, use preg_replace_callback instead D:\www\orderSystem\inc\Lib\Template\ThinkTemplate.class.php 第 404 行.
NOTIC: [8192] preg_replace(): The /e modifier is deprecated, use preg_replace_callback instead D:\www\orderSystem\inc\Lib\Template\ThinkTemplate.class.php 第 404 行.
NOTIC: [8192] preg_replace(): The /e modifier is deprecated, use preg_replace_callback instead D:\www\orderSystem\inc\Lib\Template\ThinkTemplate.class.php 第 404 行.
NOTIC: [8192] preg_replace(): The /e modifier is deprecated, use preg_replace_callback instead D:\www\orderSystem\inc\Lib\Template\ThinkTemplate.class.php 第 404 行.
NOTIC: [8192] preg_replace(): The /e modifier is deprecated, use preg_replace_callback instead D:\www\orderSystem\inc\Lib\Template\ThinkTemplate.class.php 第 404 行.
NOTIC: [8192] preg_replace(): The /e modifier is deprecated, use preg_replace_callback instead D:\www\orderSystem\inc\Lib\Template\ThinkTemplate.class.php 第 404 行.
NOTIC: [8192] preg_replace(): The /e modifier is deprecated, use preg_replace_callback instead D:\www\orderSystem\inc\Lib\Template\ThinkTemplate.class.php 第 404 行.
NOTIC: [8192] preg_replace(): The /e modifier is deprecated, use preg_replace_callback instead D:\www\orderSystem\inc\Lib\Template\ThinkTemplate.class.php 第 404 行.
NOTIC: [8192] preg_replace(): The /e modifier is deprecated, use preg_replace_callback instead D:\www\orderSystem\inc\Lib\Template\ThinkTemplate.class.php 第 404 行.
NOTIC: [8192] preg_replace(): The /e modifier is deprecated, use preg_replace_callback instead D:\www\orderSystem\inc\Lib\Template\ThinkTemplate.class.php 第 404 行.
NOTIC: [8192] preg_replace(): The /e modifier is deprecated, use preg_replace_callback instead D:\www\orderSystem\inc\Lib\Template\ThinkTemplate.class.php 第 404 行.
NOTIC: [8192] preg_replace(): The /e modifier is deprecated, use preg_replace_callback instead D:\www\orderSystem\inc\Lib\Template\ThinkTemplate.class.php 第 404 行.
NOTIC: [8192] preg_replace(): The /e modifier is deprecated, use preg_replace_callback instead D:\www\orderSystem\inc\Lib\Template\ThinkTemplate.class.php 第 404 行.
NOTIC: [8192] preg_replace(): The /e modifier is deprecated, use preg_replace_callback instead D:\www\orderSystem\inc\Lib\Template\ThinkTemplate.class.php 第 404 行.
NOTIC: [8192] preg_replace(): The /e modifier is deprecated, use preg_replace_callback instead D:\www\orderSystem\inc\Lib\Template\ThinkTemplate.class.php 第 404 行.
NOTIC: [8192] preg_replace(): The /e modifier is deprecated, use preg_replace_callback instead D:\www\orderSystem\inc\Lib\Template\ThinkTemplate.class.php 第 404 行.
NOTIC: [8192] preg_replace(): The /e modifier is deprecated, use preg_replace_callback instead D:\www\orderSystem\inc\Lib\Template\ThinkTemplate.class.php 第 404 行.
NOTIC: [8192] preg_replace(): The /e modifier is deprecated, use preg_replace_callback instead D:\www\orderSystem\inc\Lib\Template\ThinkTemplate.class.php 第 404 行.
NOTIC: [8192] preg_replace(): The /e modifier is deprecated, use preg_replace_callback instead D:\www\orderSystem\inc\Lib\Template\ThinkTemplate.class.php 第 404 行.
NOTIC: [8192] preg_replace(): The /e modifier is deprecated, use preg_replace_callback instead D:\www\orderSystem\inc\Lib\Template\ThinkTemplate.class.php 第 404 行.
NOTIC: [8192] preg_replace(): The /e modifier is deprecated, use preg_replace_callback instead D:\www\orderSystem\inc\Lib\Template\ThinkTemplate.class.php 第 404 行.
NOTIC: [8192] preg_replace(): The /e modifier is deprecated, use preg_replace_callback instead D:\www\orderSystem\inc\Lib\Template\ThinkTemplate.class.php 第 404 行.
NOTIC: [8192] preg_replace(): The /e modifier is deprecated, use preg_replace_callback instead D:\www\orderSystem\inc\Lib\Template\ThinkTemplate.class.php 第 404 行.
NOTIC: [8192] preg_replace(): The /e modifier is deprecated, use preg_replace_callback instead D:\www\orderSystem\inc\Lib\Template\ThinkTemplate.class.php 第 404 行.
NOTIC: [8192] preg_replace(): The /e modifier is deprecated, use preg_replace_callback instead D:\www\orderSystem\inc\Lib\Template\ThinkTemplate.class.php 第 404 行.
NOTIC: [8192] preg_replace(): The /e modifier is deprecated, use preg_replace_callback instead D:\www\orderSystem\inc\Lib\Template\ThinkTemplate.class.php 第 404 行.
NOTIC: [8192] preg_replace(): The /e modifier is deprecated, use preg_replace_callback instead D:\www\orderSystem\inc\Lib\Template\ThinkTemplate.class.php 第 404 行.
NOTIC: [8192] preg_replace(): The /e modifier is deprecated, use preg_replace_callback instead D:\www\orderSystem\inc\Lib\Template\ThinkTemplate.class.php 第 404 行.
NOTIC: [8192] preg_replace(): The /e modifier is deprecated, use preg_replace_callback instead D:\www\orderSystem\inc\Lib\Template\ThinkTemplate.class.php 第 404 行.
NOTIC: [8192] preg_replace(): The /e modifier is deprecated, use preg_replace_callback instead D:\www\orderSystem\inc\Lib\Template\ThinkTemplate.class.php 第 404 行.
NOTIC: [8192] preg_replace(): The /e modifier is deprecated, use preg_replace_callback instead D:\www\orderSystem\inc\Lib\Template\ThinkTemplate.class.php 第 404 行.
NOTIC: [8192] preg_replace(): The /e modifier is deprecated, use preg_replace_callback instead D:\www\orderSystem\inc\Lib\Template\ThinkTemplate.class.php 第 404 行.
NOTIC: [8192] preg_replace(): The /e modifier is deprecated, use preg_replace_callback instead D:\www\orderSystem\inc\Lib\Template\ThinkTemplate.class.php 第 404 行.
NOTIC: [8192] preg_replace(): The /e modifier is deprecated, use preg_replace_callback instead D:\www\orderSystem\inc\Lib\Template\ThinkTemplate.class.php 第 404 行.
NOTIC: [8192] preg_replace(): The /e modifier is deprecated, use preg_replace_callback instead D:\www\orderSystem\inc\Lib\Template\ThinkTemplate.class.php 第 404 行.
NOTIC: [8192] preg_replace(): The /e modifier is deprecated, use preg_replace_callback instead D:\www\orderSystem\inc\Lib\Template\ThinkTemplate.class.php 第 404 行.
NOTIC: [8192] preg_replace(): The /e modifier is deprecated, use preg_replace_callback instead D:\www\orderSystem\inc\Lib\Template\ThinkTemplate.class.php 第 404 行.
NOTIC: [8192] preg_replace(): The /e modifier is deprecated, use preg_replace_callback instead D:\www\orderSystem\inc\Lib\Template\ThinkTemplate.class.php 第 404 行.
NOTIC: [8192] preg_replace(): The /e modifier is deprecated, use preg_replace_callback instead D:\www\orderSystem\inc\Lib\Template\ThinkTemplate.class.php 第 404 行.
NOTIC: [8192] preg_replace(): The /e modifier is deprecated, use preg_replace_callback instead D:\www\orderSystem\inc\Lib\Template\ThinkTemplate.class.php 第 404 行.
NOTIC: [8192] preg_replace(): The /e modifier is deprecated, use preg_replace_callback instead D:\www\orderSystem\inc\Lib\Template\ThinkTemplate.class.php 第 404 行.
NOTIC: [8192] preg_replace(): The /e modifier is deprecated, use preg_replace_callback instead D:\www\orderSystem\inc\Lib\Template\ThinkTemplate.class.php 第 404 行.
NOTIC: [8192] preg_replace(): The /e modifier is deprecated, use preg_replace_callback instead D:\www\orderSystem\inc\Lib\Template\ThinkTemplate.class.php 第 404 行.
NOTIC: [8192] preg_replace(): The /e modifier is deprecated, use preg_replace_callback instead D:\www\orderSystem\inc\Lib\Template\ThinkTemplate.class.php 第 404 行.
NOTIC: [8192] preg_replace(): The /e modifier is deprecated, use preg_replace_callback instead D:\www\orderSystem\inc\Lib\Template\ThinkTemplate.class.php 第 404 行.
NOTIC: [8192] preg_replace(): The /e modifier is deprecated, use preg_replace_callback instead D:\www\orderSystem\inc\Lib\Template\ThinkTemplate.class.php 第 404 行.
NOTIC: [8192] preg_replace(): The /e modifier is deprecated, use preg_replace_callback instead D:\www\orderSystem\inc\Lib\Template\ThinkTemplate.class.php 第 404 行.
NOTIC: [8192] preg_replace(): The /e modifier is deprecated, use preg_replace_callback instead D:\www\orderSystem\inc\Lib\Template\ThinkTemplate.class.php 第 404 行.
NOTIC: [8192] preg_replace(): The /e modifier is deprecated, use preg_replace_callback instead D:\www\orderSystem\inc\Lib\Template\ThinkTemplate.class.php 第 404 行.
NOTIC: [8192] preg_replace(): The /e modifier is deprecated, use preg_replace_callback instead D:\www\orderSystem\inc\Lib\Template\ThinkTemplate.class.php 第 404 行.
NOTIC: [8192] preg_replace(): The /e modifier is deprecated, use preg_replace_callback instead D:\www\orderSystem\inc\Lib\Template\ThinkTemplate.class.php 第 404 行.
NOTIC: [8192] preg_replace(): The /e modifier is deprecated, use preg_replace_callback instead D:\www\orderSystem\inc\Lib\Template\ThinkTemplate.class.php 第 404 行.
NOTIC: [8192] preg_replace(): The /e modifier is deprecated, use preg_replace_callback instead D:\www\orderSystem\inc\Lib\Template\ThinkTemplate.class.php 第 404 行.
NOTIC: [8192] preg_replace(): The /e modifier is deprecated, use preg_replace_callback instead D:\www\orderSystem\inc\Lib\Template\ThinkTemplate.class.php 第 399 行.
NOTIC: [8192] preg_replace(): The /e modifier is deprecated, use preg_replace_callback instead D:\www\orderSystem\inc\Lib\Template\ThinkTemplate.class.php 第 399 行.
NOTIC: [8192] preg_replace(): The /e modifier is deprecated, use preg_replace_callback instead D:\www\orderSystem\inc\Lib\Template\ThinkTemplate.class.php 第 399 行.
NOTIC: [8192] preg_replace(): The /e modifier is deprecated, use preg_replace_callback instead D:\www\orderSystem\inc\Lib\Template\ThinkTemplate.class.php 第 399 行.
NOTIC: [8192] preg_replace(): The /e modifier is deprecated, use preg_replace_callback instead D:\www\orderSystem\inc\Lib\Template\ThinkTemplate.class.php 第 399 行.
NOTIC: [8192] preg_replace(): The /e modifier is deprecated, use preg_replace_callback instead D:\www\orderSystem\inc\Lib\Template\ThinkTemplate.class.php 第 399 行.
NOTIC: [8192] preg_replace(): The /e modifier is deprecated, use preg_replace_callback instead D:\www\orderSystem\inc\Lib\Template\ThinkTemplate.class.php 第 404 行.
NOTIC: [8192] preg_replace(): The /e modifier is deprecated, use preg_replace_callback instead D:\www\orderSystem\inc\Lib\Template\ThinkTemplate.class.php 第 404 行.
NOTIC: [8192] preg_replace(): The /e modifier is deprecated, use preg_replace_callback instead D:\www\orderSystem\inc\Lib\Template\ThinkTemplate.class.php 第 404 行.
NOTIC: [8192] preg_replace(): The /e modifier is deprecated, use preg_replace_callback instead D:\www\orderSystem\inc\Lib\Template\ThinkTemplate.class.php 第 197 行.
NOTIC: [8192] preg_replace(): The /e modifier is deprecated, use preg_replace_callback instead D:\www\orderSystem\inc\Lib\Template\ThinkTemplate.class.php 第 404 行.
NOTIC: [8192] preg_replace(): The /e modifier is deprecated, use preg_replace_callback instead D:\www\orderSystem\inc\Lib\Template\ThinkTemplate.class.php 第 404 行.
NOTIC: [8192] preg_replace(): The /e modifier is deprecated, use preg_replace_callback instead D:\www\orderSystem\inc\Lib\Template\ThinkTemplate.class.php 第 404 行.
NOTIC: [8192] preg_replace(): The /e modifier is deprecated, use preg_replace_callback instead D:\www\orderSystem\inc\Lib\Template\ThinkTemplate.class.php 第 404 行.
NOTIC: [8192] preg_replace(): The /e modifier is deprecated, use preg_replace_callback instead D:\www\orderSystem\inc\Lib\Template\ThinkTemplate.class.php 第 404 行.
NOTIC: [8192] preg_replace(): The /e modifier is deprecated, use preg_replace_callback instead D:\www\orderSystem\inc\Lib\Template\ThinkTemplate.class.php 第 404 行.
NOTIC: [8192] preg_replace(): The /e modifier is deprecated, use preg_replace_callback instead D:\www\orderSystem\inc\Lib\Template\ThinkTemplate.class.php 第 404 行.
NOTIC: [8192] preg_replace(): The /e modifier is deprecated, use preg_replace_callback instead D:\www\orderSystem\inc\Lib\Template\ThinkTemplate.class.php 第 399 行.
NOTIC: [8192] preg_replace(): The /e modifier is deprecated, use preg_replace_callback instead D:\www\orderSystem\inc\Lib\Template\ThinkTemplate.class.php 第 399 行.
NOTIC: [8192] preg_replace(): The /e modifier is deprecated, use preg_replace_callback instead D:\www\orderSystem\inc\Lib\Template\ThinkTemplate.class.php 第 404 行.
NOTIC: [8192] preg_replace(): The /e modifier is deprecated, use preg_replace_callback instead D:\www\orderSystem\inc\Lib\Template\ThinkTemplate.class.php 第 404 行.
NOTIC: [8192] preg_replace(): The /e modifier is deprecated, use preg_replace_callback instead D:\www\orderSystem\inc\Lib\Template\ThinkTemplate.class.php 第 404 行.
NOTIC: [8192] preg_replace(): The /e modifier is deprecated, use preg_replace_callback instead D:\www\orderSystem\inc\Lib\Template\ThinkTemplate.class.php 第 399 行.
NOTIC: [8192] preg_replace(): The /e modifier is deprecated, use preg_replace_callback instead D:\www\orderSystem\inc\Lib\Template\ThinkTemplate.class.php 第 404 行.
NOTIC: [8192] preg_replace(): The /e modifier is deprecated, use preg_replace_callback instead D:\www\orderSystem\inc\Lib\Template\ThinkTemplate.class.php 第 404 行.
NOTIC: [8192] preg_replace(): The /e modifier is deprecated, use preg_replace_callback instead D:\www\orderSystem\inc\Lib\Template\ThinkTemplate.class.php 第 404 行.
NOTIC: [8192] preg_replace(): The /e modifier is deprecated, use preg_replace_callback instead D:\www\orderSystem\inc\Lib\Template\ThinkTemplate.class.php 第 404 行.
NOTIC: [8192] preg_replace(): The /e modifier is deprecated, use preg_replace_callback instead D:\www\orderSystem\inc\Lib\Template\ThinkTemplate.class.php 第 404 行.
NOTIC: [8192] preg_replace(): The /e modifier is deprecated, use preg_replace_callback instead D:\www\orderSystem\inc\Lib\Template\ThinkTemplate.class.php 第 404 行.
NOTIC: [8192] preg_replace(): The /e modifier is deprecated, use preg_replace_callback instead D:\www\orderSystem\inc\Lib\Template\ThinkTemplate.class.php 第 404 行.
NOTIC: [8192] preg_replace(): The /e modifier is deprecated, use preg_replace_callback instead D:\www\orderSystem\inc\Lib\Template\ThinkTemplate.class.php 第 404 行.
NOTIC: [8192] preg_replace(): The /e modifier is deprecated, use preg_replace_callback instead D:\www\orderSystem\inc\Lib\Template\ThinkTemplate.class.php 第 404 行.
NOTIC: [8192] preg_replace(): The /e modifier is deprecated, use preg_replace_callback instead D:\www\orderSystem\inc\Lib\Template\ThinkTemplate.class.php 第 404 行.
NOTIC: [8192] preg_replace(): The /e modifier is deprecated, use preg_replace_callback instead D:\www\orderSystem\inc\Lib\Template\ThinkTemplate.class.php 第 404 行.
NOTIC: [8192] preg_replace(): The /e modifier is deprecated, use preg_replace_callback instead D:\www\orderSystem\inc\Lib\Template\ThinkTemplate.class.php 第 404 行.
NOTIC: [8192] preg_replace(): The /e modifier is deprecated, use preg_replace_callback instead D:\www\orderSystem\inc\Lib\Template\ThinkTemplate.class.php 第 404 行.
NOTIC: [8192] preg_replace(): The /e modifier is deprecated, use preg_replace_callback instead D:\www\orderSystem\inc\Lib\Template\ThinkTemplate.class.php 第 404 行.
NOTIC: [8192] preg_replace(): The /e modifier is deprecated, use preg_replace_callback instead D:\www\orderSystem\inc\Lib\Template\ThinkTemplate.class.php 第 404 行.
NOTIC: [8192] preg_replace(): The /e modifier is deprecated, use preg_replace_callback instead D:\www\orderSystem\inc\Lib\Template\ThinkTemplate.class.php 第 404 行.
NOTIC: [8192] preg_replace(): The /e modifier is deprecated, use preg_replace_callback instead D:\www\orderSystem\inc\Lib\Template\ThinkTemplate.class.php 第 404 行.
NOTIC: [8192] preg_replace(): The /e modifier is deprecated, use preg_replace_callback instead D:\www\orderSystem\inc\Lib\Template\ThinkTemplate.class.php 第 404 行.
NOTIC: [8192] preg_replace(): The /e modifier is deprecated, use preg_replace_callback instead D:\www\orderSystem\inc\Lib\Template\ThinkTemplate.class.php 第 404 行.
NOTIC: [8192] preg_replace(): The /e modifier is deprecated, use preg_replace_callback instead D:\www\orderSystem\inc\Lib\Template\ThinkTemplate.class.php 第 404 行.
NOTIC: [8192] preg_replace(): The /e modifier is deprecated, use preg_replace_callback instead D:\www\orderSystem\inc\Lib\Template\ThinkTemplate.class.php 第 404 行.
NOTIC: [8192] preg_replace(): The /e modifier is deprecated, use preg_replace_callback instead D:\www\orderSystem\inc\Lib\Template\ThinkTemplate.class.php 第 404 行.
NOTIC: [8192] preg_replace(): The /e modifier is deprecated, use preg_replace_callback instead D:\www\orderSystem\inc\Lib\Template\ThinkTemplate.class.php 第 404 行.
NOTIC: [8192] preg_replace(): The /e modifier is deprecated, use preg_replace_callback instead D:\www\orderSystem\inc\Lib\Template\ThinkTemplate.class.php 第 404 行.
NOTIC: [8192] preg_replace(): The /e modifier is deprecated, use preg_replace_callback instead D:\www\orderSystem\inc\Lib\Template\ThinkTemplate.class.php 第 404 行.
NOTIC: [8192] preg_replace(): The /e modifier is deprecated, use preg_replace_callback instead D:\www\orderSystem\inc\Lib\Template\ThinkTemplate.class.php 第 404 行.
NOTIC: [8192] preg_replace(): The /e modifier is deprecated, use preg_replace_callback instead D:\www\orderSystem\inc\Lib\Template\ThinkTemplate.class.php 第 404 行.
NOTIC: [8192] preg_replace(): The /e modifier is deprecated, use preg_replace_callback instead D:\www\orderSystem\inc\Lib\Template\ThinkTemplate.class.php 第 404 行.
NOTIC: [8192] preg_replace(): The /e modifier is deprecated, use preg_replace_callback instead D:\www\orderSystem\inc\Lib\Template\ThinkTemplate.class.php 第 404 行.
NOTIC: [8192] preg_replace(): The /e modifier is deprecated, use preg_replace_callback instead D:\www\orderSystem\inc\Lib\Template\ThinkTemplate.class.php 第 404 行.
NOTIC: [8192] preg_replace(): The /e modifier is deprecated, use preg_replace_callback instead D:\www\orderSystem\inc\Lib\Template\ThinkTemplate.class.php 第 404 行.
NOTIC: [8192] preg_replace(): The /e modifier is deprecated, use preg_replace_callback instead D:\www\orderSystem\inc\Lib\Template\ThinkTemplate.class.php 第 404 行.
NOTIC: [8192] preg_replace(): The /e modifier is deprecated, use preg_replace_callback instead D:\www\orderSystem\inc\Lib\Template\ThinkTemplate.class.php 第 404 行.
NOTIC: [8192] preg_replace(): The /e modifier is deprecated, use preg_replace_callback instead D:\www\orderSystem\inc\Lib\Template\ThinkTemplate.class.php 第 404 行.
NOTIC: [8192] preg_replace(): The /e modifier is deprecated, use preg_replace_callback instead D:\www\orderSystem\inc\Lib\Template\ThinkTemplate.class.php 第 404 行.
NOTIC: [8192] preg_replace(): The /e modifier is deprecated, use preg_replace_callback instead D:\www\orderSystem\inc\Lib\Template\ThinkTemplate.class.php 第 404 行.
NOTIC: [8192] preg_replace(): The /e modifier is deprecated, use preg_replace_callback instead D:\www\orderSystem\inc\Lib\Template\ThinkTemplate.class.php 第 404 行.
NOTIC: [8192] preg_replace(): The /e modifier is deprecated, use preg_replace_callback instead D:\www\orderSystem\inc\Lib\Template\ThinkTemplate.class.php 第 404 行.
NOTIC: [8192] preg_replace(): The /e modifier is deprecated, use preg_replace_callback instead D:\www\orderSystem\inc\Lib\Template\ThinkTemplate.class.php 第 404 行.
NOTIC: [8192] preg_replace(): The /e modifier is deprecated, use preg_replace_callback instead D:\www\orderSystem\inc\Lib\Template\ThinkTemplate.class.php 第 404 行.
NOTIC: [8192] preg_replace(): The /e modifier is deprecated, use preg_replace_callback instead D:\www\orderSystem\inc\Lib\Template\ThinkTemplate.class.php 第 404 行.
NOTIC: [8192] preg_replace(): The /e modifier is deprecated, use preg_replace_callback instead D:\www\orderSystem\inc\Lib\Template\ThinkTemplate.class.php 第 404 行.
NOTIC: [8192] preg_replace(): The /e modifier is deprecated, use preg_replace_callback instead D:\www\orderSystem\inc\Lib\Template\ThinkTemplate.class.php 第 404 行.
NOTIC: [8192] preg_replace(): The /e modifier is deprecated, use preg_replace_callback instead D:\www\orderSystem\inc\Lib\Template\ThinkTemplate.class.php 第 404 行.
NOTIC: [8192] preg_replace(): The /e modifier is deprecated, use preg_replace_callback instead D:\www\orderSystem\inc\Lib\Template\ThinkTemplate.class.php 第 404 行.
NOTIC: [8192] preg_replace(): The /e modifier is deprecated, use preg_replace_callback instead D:\www\orderSystem\inc\Lib\Template\ThinkTemplate.class.php 第 404 行.
NOTIC: [8192] preg_replace(): The /e modifier is deprecated, use preg_replace_callback instead D:\www\orderSystem\inc\Lib\Template\ThinkTemplate.class.php 第 404 行.
NOTIC: [8192] preg_replace(): The /e modifier is deprecated, use preg_replace_callback instead D:\www\orderSystem\inc\Lib\Template\ThinkTemplate.class.php 第 404 行.
NOTIC: [8192] preg_replace(): The /e modifier is deprecated, use preg_replace_callback instead D:\www\orderSystem\inc\Lib\Template\ThinkTemplate.class.php 第 404 行.
NOTIC: [8192] preg_replace(): The /e modifier is deprecated, use preg_replace_callback instead D:\www\orderSystem\inc\Lib\Template\ThinkTemplate.class.php 第 404 行.
NOTIC: [8192] preg_replace(): The /e modifier is deprecated, use preg_replace_callback instead D:\www\orderSystem\inc\Lib\Template\ThinkTemplate.class.php 第 404 行.
NOTIC: [8192] preg_replace(): The /e modifier is deprecated, use preg_replace_callback instead D:\www\orderSystem\inc\Lib\Template\ThinkTemplate.class.php 第 404 行.
NOTIC: [8192] preg_replace(): The /e modifier is deprecated, use preg_replace_callback instead D:\www\orderSystem\inc\Lib\Template\ThinkTemplate.class.php 第 404 行.
NOTIC: [8192] preg_replace(): The /e modifier is deprecated, use preg_replace_callback instead D:\www\orderSystem\inc\Lib\Template\ThinkTemplate.class.php 第 404 行.
NOTIC: [8192] preg_replace(): The /e modifier is deprecated, use preg_replace_callback instead D:\www\orderSystem\inc\Lib\Template\ThinkTemplate.class.php 第 404 行.
NOTIC: [8192] preg_replace(): The /e modifier is deprecated, use preg_replace_callback instead D:\www\orderSystem\inc\Lib\Template\ThinkTemplate.class.php 第 404 行.
NOTIC: [8192] preg_replace(): The /e modifier is deprecated, use preg_replace_callback instead D:\www\orderSystem\inc\Lib\Template\ThinkTemplate.class.php 第 404 行.
NOTIC: [8192] preg_replace(): The /e modifier is deprecated, use preg_replace_callback instead D:\www\orderSystem\inc\Lib\Template\ThinkTemplate.class.php 第 404 行.
NOTIC: [8192] preg_replace(): The /e modifier is deprecated, use preg_replace_callback instead D:\www\orderSystem\inc\Lib\Template\ThinkTemplate.class.php 第 404 行.
NOTIC: [8192] preg_replace(): The /e modifier is deprecated, use preg_replace_callback instead D:\www\orderSystem\inc\Lib\Template\ThinkTemplate.class.php 第 404 行.
NOTIC: [8192] preg_replace(): The /e modifier is deprecated, use preg_replace_callback instead D:\www\orderSystem\inc\Lib\Template\ThinkTemplate.class.php 第 404 行.
NOTIC: [8192] preg_replace(): The /e modifier is deprecated, use preg_replace_callback instead D:\www\orderSystem\inc\Lib\Template\ThinkTemplate.class.php 第 404 行.
NOTIC: [8192] preg_replace(): The /e modifier is deprecated, use preg_replace_callback instead D:\www\orderSystem\inc\Lib\Template\ThinkTemplate.class.php 第 404 行.
NOTIC: [8192] preg_replace(): The /e modifier is deprecated, use preg_replace_callback instead D:\www\orderSystem\inc\Lib\Template\ThinkTemplate.class.php 第 404 行.
NOTIC: [8192] preg_replace(): The /e modifier is deprecated, use preg_replace_callback instead D:\www\orderSystem\inc\Lib\Template\ThinkTemplate.class.php 第 404 行.
NOTIC: [8192] preg_replace(): The /e modifier is deprecated, use preg_replace_callback instead D:\www\orderSystem\inc\Lib\Template\ThinkTemplate.class.php 第 404 行.
NOTIC: [8192] preg_replace(): The /e modifier is deprecated, use preg_replace_callback instead D:\www\orderSystem\inc\Lib\Template\ThinkTemplate.class.php 第 399 行.
NOTIC: [8192] preg_replace(): The /e modifier is deprecated, use preg_replace_callback instead D:\www\orderSystem\inc\Lib\Template\ThinkTemplate.class.php 第 399 行.
NOTIC: [8192] preg_replace(): The /e modifier is deprecated, use preg_replace_callback instead D:\www\orderSystem\inc\Lib\Template\ThinkTemplate.class.php 第 399 行.
NOTIC: [8192] preg_replace(): The /e modifier is deprecated, use preg_replace_callback instead D:\www\orderSystem\inc\Lib\Template\ThinkTemplate.class.php 第 399 行.
NOTIC: [8192] preg_replace(): The /e modifier is deprecated, use preg_replace_callback instead D:\www\orderSystem\inc\Lib\Template\ThinkTemplate.class.php 第 399 行.
NOTIC: [8192] preg_replace(): The /e modifier is deprecated, use preg_replace_callback instead D:\www\orderSystem\inc\Lib\Template\ThinkTemplate.class.php 第 399 行.
NOTIC: [8192] preg_replace(): The /e modifier is deprecated, use preg_replace_callback instead D:\www\orderSystem\inc\Lib\Template\ThinkTemplate.class.php 第 404 行.
NOTIC: [8192] preg_replace(): The /e modifier is deprecated, use preg_replace_callback instead D:\www\orderSystem\inc\Lib\Template\ThinkTemplate.class.php 第 404 行.
NOTIC: [8192] preg_replace(): The /e modifier is deprecated, use preg_replace_callback instead D:\www\orderSystem\inc\Lib\Template\ThinkTemplate.class.php 第 404 行.
NOTIC: [8192] preg_replace(): The /e modifier is deprecated, use preg_replace_callback instead D:\www\orderSystem\inc\Lib\Template\ThinkTemplate.class.php 第 197 行.
NOTIC: [8192] preg_replace(): The /e modifier is deprecated, use preg_replace_callback instead D:\www\orderSystem\inc\Lib\Template\ThinkTemplate.class.php 第 137 行.
NOTIC: [8] Undefined variable: name D:\www\orderSystem\data\Cache\34d5a71360bde15a5314351f0243b683.php 第 47 行.
NOTIC: [8] Undefined variable: isorder D:\www\orderSystem\data\Cache\34d5a71360bde15a5314351f0243b683.php 第 76 行.
NOTIC: [8] Undefined variable: name D:\www\orderSystem\data\Cache\34d5a71360bde15a5314351f0243b683.php 第 101 行.
NOTIC: [8] Undefined variable: name D:\www\orderSystem\data\Cache\34d5a71360bde15a5314351f0243b683.php 第 235 行.
NOTIC: [8] Undefined variable: icp D:\www\orderSystem\data\Cache\34d5a71360bde15a5314351f0243b683.php 第 235 行.
NOTIC: [8] Undefined variable: foodcatlist D:\www\orderSystem\data\Cache\34d5a71360bde15a5314351f0243b683.php 第 261 行.
INFO: ParseTemplate Behavior ::run [ RunTime:0.228013s ]
INFO: [ view_parse ] --END-- [ RunTime:0.228013s ]
INFO: [ view_filter ] --START--
INFO: ContentReplace Behavior ::run [ RunTime:0.005000s ]
INFO: TokenBuild Behavior ::run [ RunTime:0.002001s ]
INFO: WriteHtmlCache Behavior ::run [ RunTime:0.001000s ]
INFO: ShowRuntime Behavior ::run [ RunTime:0.002000s ]
INFO: [ view_filter ] --END-- [ RunTime:0.012001s ]
INFO: [ view_end ] --START--
INFO: ShowPageTrace Behavior ::run [ RunTime:0.002000s ]
INFO: [ view_end ] --END-- [ RunTime:0.002000s ]

[ 2015-06-02T11:19:39+08:00 ] 127.0.0.1 /templates/kfc/css/kfc.css
INFO: [ route_check ] --START--
INFO: CheckRoute Behavior ::run [ RunTime:0.010001s ]
INFO: [ route_check ] --END-- [ RunTime:0.010001s ]
NOTIC: [8192] preg_replace(): The /e modifier is deprecated, use preg_replace_callback instead D:\www\orderSystem\inc\Lib\Core\Dispatcher.class.php 第 132 行.
NOTIC: [8192] preg_replace(): The /e modifier is deprecated, use preg_replace_callback instead D:\www\orderSystem\inc\Common\common.php 第 217 行.
NOTIC: [2] htmlspecialchars() expects parameter 2 to be long, string given D:\www\orderSystem\inc\Lib\Core\App.class.php 第 57 行.
NOTIC: [2] stripslashes() expects exactly 1 parameter, 2 given D:\www\orderSystem\inc\Lib\Core\App.class.php 第 57 行.
NOTIC: [2] stripslashes() expects exactly 1 parameter, 2 given D:\www\orderSystem\inc\Lib\Core\App.class.php 第 57 行.
NOTIC: [2] stripslashes() expects exactly 1 parameter, 2 given D:\www\orderSystem\inc\Lib\Core\App.class.php 第 57 行.
NOTIC: [2] stripslashes() expects exactly 1 parameter, 2 given D:\www\orderSystem\inc\Lib\Core\App.class.php 第 57 行.
NOTIC: [2] stripslashes() expects exactly 1 parameter, 2 given D:\www\orderSystem\inc\Lib\Core\App.class.php 第 57 行.
INFO: [ app_begin ] --START--
INFO: ReadHtmlCache Behavior ::run [ RunTime:0.002000s ]
INFO: [ app_begin ] --END-- [ RunTime:0.003001s ]
INFO: [ view_parse ] --START--
NOTIC: [8192] preg_replace(): The /e modifier is deprecated, use preg_replace_callback instead D:\www\orderSystem\inc\Lib\Template\ThinkTemplate.class.php 第 273 行.
NOTIC: [8192] preg_replace(): The /e modifier is deprecated, use preg_replace_callback instead D:\www\orderSystem\inc\Lib\Template\ThinkTemplate.class.php 第 273 行.
NOTIC: [2] file_get_contents(./templates/mall/Public/leftsider.html): failed to open stream: No such file or directory D:\www\orderSystem\inc\Lib\Template\ThinkTemplate.class.php 第 695 行.
NOTIC: [8192] preg_replace(): The /e modifier is deprecated, use preg_replace_callback instead D:\www\orderSystem\inc\Lib\Template\ThinkTemplate.class.php 第 273 行.
NOTIC: [8192] preg_replace(): The /e modifier is deprecated, use preg_replace_callback instead D:\www\orderSystem\inc\Lib\Template\ThinkTemplate.class.php 第 273 行.
NOTIC: [8192] preg_replace(): The /e modifier is deprecated, use preg_replace_callback instead D:\www\orderSystem\inc\Lib\Template\ThinkTemplate.class.php 第 168 行.
NOTIC: [8192] preg_replace(): The /e modifier is deprecated, use preg_replace_callback instead D:\www\orderSystem\inc\Lib\Template\ThinkTemplate.class.php 第 404 行.
NOTIC: [8192] preg_replace(): The /e modifier is deprecated, use preg_replace_callback instead D:\www\orderSystem\inc\Lib\Template\ThinkTemplate.class.php 第 404 行.
NOTIC: [8192] preg_replace(): The /e modifier is deprecated, use preg_replace_callback instead D:\www\orderSystem\inc\Lib\Template\ThinkTemplate.class.php 第 404 行.
NOTIC: [8192] preg_replace(): The /e modifier is deprecated, use preg_replace_callback instead D:\www\orderSystem\inc\Lib\Template\ThinkTemplate.class.php 第 404 行.
NOTIC: [8192] preg_replace(): The /e modifier is deprecated, use preg_replace_callback instead D:\www\orderSystem\inc\Lib\Template\ThinkTemplate.class.php 第 404 行.
NOTIC: [8192] preg_replace(): The /e modifier is deprecated, use preg_replace_callback instead D:\www\orderSystem\inc\Lib\Template\ThinkTemplate.class.php 第 273 行.
NOTIC: [8192] preg_replace(): The /e modifier is deprecated, use preg_replace_callback instead D:\www\orderSystem\inc\Lib\Template\ThinkTemplate.class.php 第 168 行.
NOTIC: [8192] preg_replace(): The /e modifier is deprecated, use preg_replace_callback instead D:\www\orderSystem\inc\Lib\Template\ThinkTemplate.class.php 第 404 行.
NOTIC: [8192] preg_replace(): The /e modifier is deprecated, use preg_replace_callback instead D:\www\orderSystem\inc\Lib\Template\ThinkTemplate.class.php 第 404 行.
NOTIC: [8192] preg_replace(): The /e modifier is deprecated, use preg_replace_callback instead D:\www\orderSystem\inc\Lib\Template\ThinkTemplate.class.php 第 404 行.
NOTIC: [8192] preg_replace(): The /e modifier is deprecated, use preg_replace_callback instead D:\www\orderSystem\inc\Lib\Template\ThinkTemplate.class.php 第 404 行.
NOTIC: [8192] preg_replace(): The /e modifier is deprecated, use preg_replace_callback instead D:\www\orderSystem\inc\Lib\Template\ThinkTemplate.class.php 第 404 行.
NOTIC: [8192] preg_replace(): The /e modifier is deprecated, use preg_replace_callback instead D:\www\orderSystem\inc\Lib\Template\ThinkTemplate.class.php 第 404 行.
NOTIC: [8192] preg_replace(): The /e modifier is deprecated, use preg_replace_callback instead D:\www\orderSystem\inc\Lib\Template\ThinkTemplate.class.php 第 404 行.
NOTIC: [8192] preg_replace(): The /e modifier is deprecated, use preg_replace_callback instead D:\www\orderSystem\inc\Lib\Template\ThinkTemplate.class.php 第 404 行.
NOTIC: [8192] preg_replace(): The /e modifier is deprecated, use preg_replace_callback instead D:\www\orderSystem\inc\Lib\Template\ThinkTemplate.class.php 第 404 行.
NOTIC: [8192] preg_replace(): The /e modifier is deprecated, use preg_replace_callback instead D:\www\orderSystem\inc\Lib\Template\ThinkTemplate.class.php 第 404 行.
NOTIC: [8192] preg_replace(): The /e modifier is deprecated, use preg_replace_callback instead D:\www\orderSystem\inc\Lib\Template\ThinkTemplate.class.php 第 404 行.
NOTIC: [8192] preg_replace(): The /e modifier is deprecated, use preg_replace_callback instead D:\www\orderSystem\inc\Lib\Template\ThinkTemplate.class.php 第 404 行.
NOTIC: [8192] preg_replace(): The /e modifier is deprecated, use preg_replace_callback instead D:\www\orderSystem\inc\Lib\Template\ThinkTemplate.class.php 第 399 行.
NOTIC: [8192] preg_replace(): The /e modifier is deprecated, use preg_replace_callback instead D:\www\orderSystem\inc\Lib\Template\ThinkTemplate.class.php 第 399 行.
NOTIC: [8192] preg_replace(): The /e modifier is deprecated, use preg_replace_callback instead D:\www\orderSystem\inc\Lib\Template\ThinkTemplate.class.php 第 404 行.
NOTIC: [8192] preg_replace(): The /e modifier is deprecated, use preg_replace_callback instead D:\www\orderSystem\inc\Lib\Template\ThinkTemplate.class.php 第 404 行.
NOTIC: [8192] preg_replace(): The /e modifier is deprecated, use preg_replace_callback instead D:\www\orderSystem\inc\Lib\Template\ThinkTemplate.class.php 第 404 行.
NOTIC: [8192] preg_replace(): The /e modifier is deprecated, use preg_replace_callback instead D:\www\orderSystem\inc\Lib\Template\ThinkTemplate.class.php 第 399 行.
NOTIC: [8192] preg_replace(): The /e modifier is deprecated, use preg_replace_callback instead D:\www\orderSystem\inc\Lib\Template\ThinkTemplate.class.php 第 404 行.
NOTIC: [8192] preg_replace(): The /e modifier is deprecated, use preg_replace_callback instead D:\www\orderSystem\inc\Lib\Template\ThinkTemplate.class.php 第 404 行.
NOTIC: [8192] preg_replace(): The /e modifier is deprecated, use preg_replace_callback instead D:\www\orderSystem\inc\Lib\Template\ThinkTemplate.class.php 第 404 行.
NOTIC: [8192] preg_replace(): The /e modifier is deprecated, use preg_replace_callback instead D:\www\orderSystem\inc\Lib\Template\ThinkTemplate.class.php 第 404 行.
NOTIC: [8192] preg_replace(): The /e modifier is deprecated, use preg_replace_callback instead D:\www\orderSystem\inc\Lib\Template\ThinkTemplate.class.php 第 404 行.
NOTIC: [8192] preg_replace(): The /e modifier is deprecated, use preg_replace_callback instead D:\www\orderSystem\inc\Lib\Template\ThinkTemplate.class.php 第 404 行.
NOTIC: [8192] preg_replace(): The /e modifier is deprecated, use preg_replace_callback instead D:\www\orderSystem\inc\Lib\Template\ThinkTemplate.class.php 第 404 行.
NOTIC: [8192] preg_replace(): The /e modifier is deprecated, use preg_replace_callback instead D:\www\orderSystem\inc\Lib\Template\ThinkTemplate.class.php 第 404 行.
NOTIC: [8192] preg_replace(): The /e modifier is deprecated, use preg_replace_callback instead D:\www\orderSystem\inc\Lib\Template\ThinkTemplate.class.php 第 404 行.
NOTIC: [8192] preg_replace(): The /e modifier is deprecated, use preg_replace_callback instead D:\www\orderSystem\inc\Lib\Template\ThinkTemplate.class.php 第 404 行.
NOTIC: [8192] preg_replace(): The /e modifier is deprecated, use preg_replace_callback instead D:\www\orderSystem\inc\Lib\Template\ThinkTemplate.class.php 第 404 行.
NOTIC: [8192] preg_replace(): The /e modifier is deprecated, use preg_replace_callback instead D:\www\orderSystem\inc\Lib\Template\ThinkTemplate.class.php 第 404 行.
NOTIC: [8192] preg_replace(): The /e modifier is deprecated, use preg_replace_callback instead D:\www\orderSystem\inc\Lib\Template\ThinkTemplate.class.php 第 404 行.
NOTIC: [8192] preg_replace(): The /e modifier is deprecated, use preg_replace_callback instead D:\www\orderSystem\inc\Lib\Template\ThinkTemplate.class.php 第 404 行.
NOTIC: [8192] preg_replace(): The /e modifier is deprecated, use preg_replace_callback instead D:\www\orderSystem\inc\Lib\Template\ThinkTemplate.class.php 第 404 行.
NOTIC: [8192] preg_replace(): The /e modifier is deprecated, use preg_replace_callback instead D:\www\orderSystem\inc\Lib\Template\ThinkTemplate.class.php 第 404 行.
NOTIC: [8192] preg_replace(): The /e modifier is deprecated, use preg_replace_callback instead D:\www\orderSystem\inc\Lib\Template\ThinkTemplate.class.php 第 404 行.
NOTIC: [8192] preg_replace(): The /e modifier is deprecated, use preg_replace_callback instead D:\www\orderSystem\inc\Lib\Template\ThinkTemplate.class.php 第 404 行.
NOTIC: [8192] preg_replace(): The /e modifier is deprecated, use preg_replace_callback instead D:\www\orderSystem\inc\Lib\Template\ThinkTemplate.class.php 第 404 行.
NOTIC: [8192] preg_replace(): The /e modifier is deprecated, use preg_replace_callback instead D:\www\orderSystem\inc\Lib\Template\ThinkTemplate.class.php 第 404 行.
NOTIC: [8192] preg_replace(): The /e modifier is deprecated, use preg_replace_callback instead D:\www\orderSystem\inc\Lib\Template\ThinkTemplate.class.php 第 404 行.
NOTIC: [8192] preg_replace(): The /e modifier is deprecated, use preg_replace_callback instead D:\www\orderSystem\inc\Lib\Template\ThinkTemplate.class.php 第 404 行.
NOTIC: [8192] preg_replace(): The /e modifier is deprecated, use preg_replace_callback instead D:\www\orderSystem\inc\Lib\Template\ThinkTemplate.class.php 第 404 行.
NOTIC: [8192] preg_replace(): The /e modifier is deprecated, use preg_replace_callback instead D:\www\orderSystem\inc\Lib\Template\ThinkTemplate.class.php 第 404 行.
NOTIC: [8192] preg_replace(): The /e modifier is deprecated, use preg_replace_callback instead D:\www\orderSystem\inc\Lib\Template\ThinkTemplate.class.php 第 404 行.
NOTIC: [8192] preg_replace(): The /e modifier is deprecated, use preg_replace_callback instead D:\www\orderSystem\inc\Lib\Template\ThinkTemplate.class.php 第 404 行.
NOTIC: [8192] preg_replace(): The /e modifier is deprecated, use preg_replace_callback instead D:\www\orderSystem\inc\Lib\Template\ThinkTemplate.class.php 第 404 行.
NOTIC: [8192] preg_replace(): The /e modifier is deprecated, use preg_replace_callback instead D:\www\orderSystem\inc\Lib\Template\ThinkTemplate.class.php 第 404 行.
NOTIC: [8192] preg_replace(): The /e modifier is deprecated, use preg_replace_callback instead D:\www\orderSystem\inc\Lib\Template\ThinkTemplate.class.php 第 404 行.
NOTIC: [8192] preg_replace(): The /e modifier is deprecated, use preg_replace_callback instead D:\www\orderSystem\inc\Lib\Template\ThinkTemplate.class.php 第 404 行.
NOTIC: [8192] preg_replace(): The /e modifier is deprecated, use preg_replace_callback instead D:\www\orderSystem\inc\Lib\Template\ThinkTemplate.class.php 第 404 行.
NOTIC: [8192] preg_replace(): The /e modifier is deprecated, use preg_replace_callback instead D:\www\orderSystem\inc\Lib\Template\ThinkTemplate.class.php 第 404 行.
NOTIC: [8192] preg_replace(): The /e modifier is deprecated, use preg_replace_callback instead D:\www\orderSystem\inc\Lib\Template\ThinkTemplate.class.php 第 404 行.
NOTIC: [8192] preg_replace(): The /e modifier is deprecated, use preg_replace_callback instead D:\www\orderSystem\inc\Lib\Template\ThinkTemplate.class.php 第 404 行.
NOTIC: [8192] preg_replace(): The /e modifier is deprecated, use preg_replace_callback instead D:\www\orderSystem\inc\Lib\Template\ThinkTemplate.class.php 第 404 行.
NOTIC: [8192] preg_replace(): The /e modifier is deprecated, use preg_replace_callback instead D:\www\orderSystem\inc\Lib\Template\ThinkTemplate.class.php 第 404 行.
NOTIC: [8192] preg_replace(): The /e modifier is deprecated, use preg_replace_callback instead D:\www\orderSystem\inc\Lib\Template\ThinkTemplate.class.php 第 404 行.
NOTIC: [8192] preg_replace(): The /e modifier is deprecated, use preg_replace_callback instead D:\www\orderSystem\inc\Lib\Template\ThinkTemplate.class.php 第 404 行.
NOTIC: [8192] preg_replace(): The /e modifier is deprecated, use preg_replace_callback instead D:\www\orderSystem\inc\Lib\Template\ThinkTemplate.class.php 第 404 行.
NOTIC: [8192] preg_replace(): The /e modifier is deprecated, use preg_replace_callback instead D:\www\orderSystem\inc\Lib\Template\ThinkTemplate.class.php 第 404 行.
NOTIC: [8192] preg_replace(): The /e modifier is deprecated, use preg_replace_callback instead D:\www\orderSystem\inc\Lib\Template\ThinkTemplate.class.php 第 404 行.
NOTIC: [8192] preg_replace(): The /e modifier is deprecated, use preg_replace_callback instead D:\www\orderSystem\inc\Lib\Template\ThinkTemplate.class.php 第 404 行.
NOTIC: [8192] preg_replace(): The /e modifier is deprecated, use preg_replace_callback instead D:\www\orderSystem\inc\Lib\Template\ThinkTemplate.class.php 第 404 行.
NOTIC: [8192] preg_replace(): The /e modifier is deprecated, use preg_replace_callback instead D:\www\orderSystem\inc\Lib\Template\ThinkTemplate.class.php 第 404 行.
NOTIC: [8192] preg_replace(): The /e modifier is deprecated, use preg_replace_callback instead D:\www\orderSystem\inc\Lib\Template\ThinkTemplate.class.php 第 404 行.
NOTIC: [8192] preg_replace(): The /e modifier is deprecated, use preg_replace_callback instead D:\www\orderSystem\inc\Lib\Template\ThinkTemplate.class.php 第 404 行.
NOTIC: [8192] preg_replace(): The /e modifier is deprecated, use preg_replace_callback instead D:\www\orderSystem\inc\Lib\Template\ThinkTemplate.class.php 第 404 行.
NOTIC: [8192] preg_replace(): The /e modifier is deprecated, use preg_replace_callback instead D:\www\orderSystem\inc\Lib\Template\ThinkTemplate.class.php 第 404 行.
NOTIC: [8192] preg_replace(): The /e modifier is deprecated, use preg_replace_callback instead D:\www\orderSystem\inc\Lib\Template\ThinkTemplate.class.php 第 404 行.
NOTIC: [8192] preg_replace(): The /e modifier is deprecated, use preg_replace_callback instead D:\www\orderSystem\inc\Lib\Template\ThinkTemplate.class.php 第 404 行.
NOTIC: [8192] preg_replace(): The /e modifier is deprecated, use preg_replace_callback instead D:\www\orderSystem\inc\Lib\Template\ThinkTemplate.class.php 第 404 行.
NOTIC: [8192] preg_replace(): The /e modifier is deprecated, use preg_replace_callback instead D:\www\orderSystem\inc\Lib\Template\ThinkTemplate.class.php 第 404 行.
NOTIC: [8192] preg_replace(): The /e modifier is deprecated, use preg_replace_callback instead D:\www\orderSystem\inc\Lib\Template\ThinkTemplate.class.php 第 404 行.
NOTIC: [8192] preg_replace(): The /e modifier is deprecated, use preg_replace_callback instead D:\www\orderSystem\inc\Lib\Template\ThinkTemplate.class.php 第 404 行.
NOTIC: [8192] preg_replace(): The /e modifier is deprecated, use preg_replace_callback instead D:\www\orderSystem\inc\Lib\Template\ThinkTemplate.class.php 第 404 行.
NOTIC: [8192] preg_replace(): The /e modifier is deprecated, use preg_replace_callback instead D:\www\orderSystem\inc\Lib\Template\ThinkTemplate.class.php 第 404 行.
NOTIC: [8192] preg_replace(): The /e modifier is deprecated, use preg_replace_callback instead D:\www\orderSystem\inc\Lib\Template\ThinkTemplate.class.php 第 404 行.
NOTIC: [8192] preg_replace(): The /e modifier is deprecated, use preg_replace_callback instead D:\www\orderSystem\inc\Lib\Template\ThinkTemplate.class.php 第 404 行.
NOTIC: [8192] preg_replace(): The /e modifier is deprecated, use preg_replace_callback instead D:\www\orderSystem\inc\Lib\Template\ThinkTemplate.class.php 第 404 行.
NOTIC: [8192] preg_replace(): The /e modifier is deprecated, use preg_replace_callback instead D:\www\orderSystem\inc\Lib\Template\ThinkTemplate.class.php 第 404 行.
NOTIC: [8192] preg_replace(): The /e modifier is deprecated, use preg_replace_callback instead D:\www\orderSystem\inc\Lib\Template\ThinkTemplate.class.php 第 404 行.
NOTIC: [8192] preg_replace(): The /e modifier is deprecated, use preg_replace_callback instead D:\www\orderSystem\inc\Lib\Template\ThinkTemplate.class.php 第 404 行.
NOTIC: [8192] preg_replace(): The /e modifier is deprecated, use preg_replace_callback instead D:\www\orderSystem\inc\Lib\Template\ThinkTemplate.class.php 第 404 行.
NOTIC: [8192] preg_replace(): The /e modifier is deprecated, use preg_replace_callback instead D:\www\orderSystem\inc\Lib\Template\ThinkTemplate.class.php 第 404 行.
NOTIC: [8192] preg_replace(): The /e modifier is deprecated, use preg_replace_callback instead D:\www\orderSystem\inc\Lib\Template\ThinkTemplate.class.php 第 404 行.
NOTIC: [8192] preg_replace(): The /e modifier is deprecated, use preg_replace_callback instead D:\www\orderSystem\inc\Lib\Template\ThinkTemplate.class.php 第 404 行.
NOTIC: [8192] preg_replace(): The /e modifier is deprecated, use preg_replace_callback instead D:\www\orderSystem\inc\Lib\Template\ThinkTemplate.class.php 第 399 行.
NOTIC: [8192] preg_replace(): The /e modifier is deprecated, use preg_replace_callback instead D:\www\orderSystem\inc\Lib\Template\ThinkTemplate.class.php 第 399 行.
NOTIC: [8192] preg_replace(): The /e modifier is deprecated, use preg_replace_callback instead D:\www\orderSystem\inc\Lib\Template\ThinkTemplate.class.php 第 399 行.
NOTIC: [8192] preg_replace(): The /e modifier is deprecated, use preg_replace_callback instead D:\www\orderSystem\inc\Lib\Template\ThinkTemplate.class.php 第 399 行.
NOTIC: [8192] preg_replace(): The /e modifier is deprecated, use preg_replace_callback instead D:\www\orderSystem\inc\Lib\Template\ThinkTemplate.class.php 第 399 行.
NOTIC: [8192] preg_replace(): The /e modifier is deprecated, use preg_replace_callback instead D:\www\orderSystem\inc\Lib\Template\ThinkTemplate.class.php 第 399 行.
NOTIC: [8192] preg_replace(): The /e modifier is deprecated, use preg_replace_callback instead D:\www\orderSystem\inc\Lib\Template\ThinkTemplate.class.php 第 404 行.
NOTIC: [8192] preg_replace(): The /e modifier is deprecated, use preg_replace_callback instead D:\www\orderSystem\inc\Lib\Template\ThinkTemplate.class.php 第 404 行.
NOTIC: [8192] preg_replace(): The /e modifier is deprecated, use preg_replace_callback instead D:\www\orderSystem\inc\Lib\Template\ThinkTemplate.class.php 第 404 行.
NOTIC: [8192] preg_replace(): The /e modifier is deprecated, use preg_replace_callback instead D:\www\orderSystem\inc\Lib\Template\ThinkTemplate.class.php 第 197 行.
NOTIC: [8192] preg_replace(): The /e modifier is deprecated, use preg_replace_callback instead D:\www\orderSystem\inc\Lib\Template\ThinkTemplate.class.php 第 404 行.
NOTIC: [8192] preg_replace(): The /e modifier is deprecated, use preg_replace_callback instead D:\www\orderSystem\inc\Lib\Template\ThinkTemplate.class.php 第 404 行.
NOTIC: [8192] preg_replace(): The /e modifier is deprecated, use preg_replace_callback instead D:\www\orderSystem\inc\Lib\Template\ThinkTemplate.class.php 第 404 行.
NOTIC: [8192] preg_replace(): The /e modifier is deprecated, use preg_replace_callback instead D:\www\orderSystem\inc\Lib\Template\ThinkTemplate.class.php 第 404 行.
NOTIC: [8192] preg_replace(): The /e modifier is deprecated, use preg_replace_callback instead D:\www\orderSystem\inc\Lib\Template\ThinkTemplate.class.php 第 404 行.
NOTIC: [8192] preg_replace(): The /e modifier is deprecated, use preg_replace_callback instead D:\www\orderSystem\inc\Lib\Template\ThinkTemplate.class.php 第 404 行.
NOTIC: [8192] preg_replace(): The /e modifier is deprecated, use preg_replace_callback instead D:\www\orderSystem\inc\Lib\Template\ThinkTemplate.class.php 第 404 行.
NOTIC: [8192] preg_replace(): The /e modifier is deprecated, use preg_replace_callback instead D:\www\orderSystem\inc\Lib\Template\ThinkTemplate.class.php 第 399 行.
NOTIC: [8192] preg_replace(): The /e modifier is deprecated, use preg_replace_callback instead D:\www\orderSystem\inc\Lib\Template\ThinkTemplate.class.php 第 399 行.
NOTIC: [8192] preg_replace(): The /e modifier is deprecated, use preg_replace_callback instead D:\www\orderSystem\inc\Lib\Template\ThinkTemplate.class.php 第 404 行.
NOTIC: [8192] preg_replace(): The /e modifier is deprecated, use preg_replace_callback instead D:\www\orderSystem\inc\Lib\Template\ThinkTemplate.class.php 第 404 行.
NOTIC: [8192] preg_replace(): The /e modifier is deprecated, use preg_replace_callback instead D:\www\orderSystem\inc\Lib\Template\ThinkTemplate.class.php 第 404 行.
NOTIC: [8192] preg_replace(): The /e modifier is deprecated, use preg_replace_callback instead D:\www\orderSystem\inc\Lib\Template\ThinkTemplate.class.php 第 399 行.
NOTIC: [8192] preg_replace(): The /e modifier is deprecated, use preg_replace_callback instead D:\www\orderSystem\inc\Lib\Template\ThinkTemplate.class.php 第 404 行.
NOTIC: [8192] preg_replace(): The /e modifier is deprecated, use preg_replace_callback instead D:\www\orderSystem\inc\Lib\Template\ThinkTemplate.class.php 第 404 行.
NOTIC: [8192] preg_replace(): The /e modifier is deprecated, use preg_replace_callback instead D:\www\orderSystem\inc\Lib\Template\ThinkTemplate.class.php 第 404 行.
NOTIC: [8192] preg_replace(): The /e modifier is deprecated, use preg_replace_callback instead D:\www\orderSystem\inc\Lib\Template\ThinkTemplate.class.php 第 404 行.
NOTIC: [8192] preg_replace(): The /e modifier is deprecated, use preg_replace_callback instead D:\www\orderSystem\inc\Lib\Template\ThinkTemplate.class.php 第 404 行.
NOTIC: [8192] preg_replace(): The /e modifier is deprecated, use preg_replace_callback instead D:\www\orderSystem\inc\Lib\Template\ThinkTemplate.class.php 第 404 行.
NOTIC: [8192] preg_replace(): The /e modifier is deprecated, use preg_replace_callback instead D:\www\orderSystem\inc\Lib\Template\ThinkTemplate.class.php 第 404 行.
NOTIC: [8192] preg_replace(): The /e modifier is deprecated, use preg_replace_callback instead D:\www\orderSystem\inc\Lib\Template\ThinkTemplate.class.php 第 404 行.
NOTIC: [8192] preg_replace(): The /e modifier is deprecated, use preg_replace_callback instead D:\www\orderSystem\inc\Lib\Template\ThinkTemplate.class.php 第 404 行.
NOTIC: [8192] preg_replace(): The /e modifier is deprecated, use preg_replace_callback instead D:\www\orderSystem\inc\Lib\Template\ThinkTemplate.class.php 第 404 行.
NOTIC: [8192] preg_replace(): The /e modifier is deprecated, use preg_replace_callback instead D:\www\orderSystem\inc\Lib\Template\ThinkTemplate.class.php 第 404 行.
NOTIC: [8192] preg_replace(): The /e modifier is deprecated, use preg_replace_callback instead D:\www\orderSystem\inc\Lib\Template\ThinkTemplate.class.php 第 404 行.
NOTIC: [8192] preg_replace(): The /e modifier is deprecated, use preg_replace_callback instead D:\www\orderSystem\inc\Lib\Template\ThinkTemplate.class.php 第 404 行.
NOTIC: [8192] preg_replace(): The /e modifier is deprecated, use preg_replace_callback instead D:\www\orderSystem\inc\Lib\Template\ThinkTemplate.class.php 第 404 行.
NOTIC: [8192] preg_replace(): The /e modifier is deprecated, use preg_replace_callback instead D:\www\orderSystem\inc\Lib\Template\ThinkTemplate.class.php 第 404 行.
NOTIC: [8192] preg_replace(): The /e modifier is deprecated, use preg_replace_callback instead D:\www\orderSystem\inc\Lib\Template\ThinkTemplate.class.php 第 404 行.
NOTIC: [8192] preg_replace(): The /e modifier is deprecated, use preg_replace_callback instead D:\www\orderSystem\inc\Lib\Template\ThinkTemplate.class.php 第 404 行.
NOTIC: [8192] preg_replace(): The /e modifier is deprecated, use preg_replace_callback instead D:\www\orderSystem\inc\Lib\Template\ThinkTemplate.class.php 第 404 行.
NOTIC: [8192] preg_replace(): The /e modifier is deprecated, use preg_replace_callback instead D:\www\orderSystem\inc\Lib\Template\ThinkTemplate.class.php 第 404 行.
NOTIC: [8192] preg_replace(): The /e modifier is deprecated, use preg_replace_callback instead D:\www\orderSystem\inc\Lib\Template\ThinkTemplate.class.php 第 404 行.
NOTIC: [8192] preg_replace(): The /e modifier is deprecated, use preg_replace_callback instead D:\www\orderSystem\inc\Lib\Template\ThinkTemplate.class.php 第 404 行.
NOTIC: [8192] preg_replace(): The /e modifier is deprecated, use preg_replace_callback instead D:\www\orderSystem\inc\Lib\Template\ThinkTemplate.class.php 第 404 行.
NOTIC: [8192] preg_replace(): The /e modifier is deprecated, use preg_replace_callback instead D:\www\orderSystem\inc\Lib\Template\ThinkTemplate.class.php 第 404 行.
NOTIC: [8192] preg_replace(): The /e modifier is deprecated, use preg_replace_callback instead D:\www\orderSystem\inc\Lib\Template\ThinkTemplate.class.php 第 404 行.
NOTIC: [8192] preg_replace(): The /e modifier is deprecated, use preg_replace_callback instead D:\www\orderSystem\inc\Lib\Template\ThinkTemplate.class.php 第 404 行.
NOTIC: [8192] preg_replace(): The /e modifier is deprecated, use preg_replace_callback instead D:\www\orderSystem\inc\Lib\Template\ThinkTemplate.class.php 第 404 行.
NOTIC: [8192] preg_replace(): The /e modifier is deprecated, use preg_replace_callback instead D:\www\orderSystem\inc\Lib\Template\ThinkTemplate.class.php 第 404 行.
NOTIC: [8192] preg_replace(): The /e modifier is deprecated, use preg_replace_callback instead D:\www\orderSystem\inc\Lib\Template\ThinkTemplate.class.php 第 404 行.
NOTIC: [8192] preg_replace(): The /e modifier is deprecated, use preg_replace_callback instead D:\www\orderSystem\inc\Lib\Template\ThinkTemplate.class.php 第 404 行.
NOTIC: [8192] preg_replace(): The /e modifier is deprecated, use preg_replace_callback instead D:\www\orderSystem\inc\Lib\Template\ThinkTemplate.class.php 第 404 行.
NOTIC: [8192] preg_replace(): The /e modifier is deprecated, use preg_replace_callback instead D:\www\orderSystem\inc\Lib\Template\ThinkTemplate.class.php 第 404 行.
NOTIC: [8192] preg_replace(): The /e modifier is deprecated, use preg_replace_callback instead D:\www\orderSystem\inc\Lib\Template\ThinkTemplate.class.php 第 404 行.
NOTIC: [8192] preg_replace(): The /e modifier is deprecated, use preg_replace_callback instead D:\www\orderSystem\inc\Lib\Template\ThinkTemplate.class.php 第 404 行.
NOTIC: [8192] preg_replace(): The /e modifier is deprecated, use preg_replace_callback instead D:\www\orderSystem\inc\Lib\Template\ThinkTemplate.class.php 第 404 行.
NOTIC: [8192] preg_replace(): The /e modifier is deprecated, use preg_replace_callback instead D:\www\orderSystem\inc\Lib\Template\ThinkTemplate.class.php 第 404 行.
NOTIC: [8192] preg_replace(): The /e modifier is deprecated, use preg_replace_callback instead D:\www\orderSystem\inc\Lib\Template\ThinkTemplate.class.php 第 404 行.
NOTIC: [8192] preg_replace(): The /e modifier is deprecated, use preg_replace_callback instead D:\www\orderSystem\inc\Lib\Template\ThinkTemplate.class.php 第 404 行.
NOTIC: [8192] preg_replace(): The /e modifier is deprecated, use preg_replace_callback instead D:\www\orderSystem\inc\Lib\Template\ThinkTemplate.class.php 第 404 行.
NOTIC: [8192] preg_replace(): The /e modifier is deprecated, use preg_replace_callback instead D:\www\orderSystem\inc\Lib\Template\ThinkTemplate.class.php 第 404 行.
NOTIC: [8192] preg_replace(): The /e modifier is deprecated, use preg_replace_callback instead D:\www\orderSystem\inc\Lib\Template\ThinkTemplate.class.php 第 404 行.
NOTIC: [8192] preg_replace(): The /e modifier is deprecated, use preg_replace_callback instead D:\www\orderSystem\inc\Lib\Template\ThinkTemplate.class.php 第 404 行.
NOTIC: [8192] preg_replace(): The /e modifier is deprecated, use preg_replace_callback instead D:\www\orderSystem\inc\Lib\Template\ThinkTemplate.class.php 第 404 行.
NOTIC: [8192] preg_replace(): The /e modifier is deprecated, use preg_replace_callback instead D:\www\orderSystem\inc\Lib\Template\ThinkTemplate.class.php 第 404 行.
NOTIC: [8192] preg_replace(): The /e modifier is deprecated, use preg_replace_callback instead D:\www\orderSystem\inc\Lib\Template\ThinkTemplate.class.php 第 404 行.
NOTIC: [8192] preg_replace(): The /e modifier is deprecated, use preg_replace_callback instead D:\www\orderSystem\inc\Lib\Template\ThinkTemplate.class.php 第 404 行.
NOTIC: [8192] preg_replace(): The /e modifier is deprecated, use preg_replace_callback instead D:\www\orderSystem\inc\Lib\Template\ThinkTemplate.class.php 第 404 行.
NOTIC: [8192] preg_replace(): The /e modifier is deprecated, use preg_replace_callback instead D:\www\orderSystem\inc\Lib\Template\ThinkTemplate.class.php 第 404 行.
NOTIC: [8192] preg_replace(): The /e modifier is deprecated, use preg_replace_callback instead D:\www\orderSystem\inc\Lib\Template\ThinkTemplate.class.php 第 404 行.
NOTIC: [8192] preg_replace(): The /e modifier is deprecated, use preg_replace_callback instead D:\www\orderSystem\inc\Lib\Template\ThinkTemplate.class.php 第 404 行.
NOTIC: [8192] preg_replace(): The /e modifier is deprecated, use preg_replace_callback instead D:\www\orderSystem\inc\Lib\Template\ThinkTemplate.class.php 第 404 行.
NOTIC: [8192] preg_replace(): The /e modifier is deprecated, use preg_replace_callback instead D:\www\orderSystem\inc\Lib\Template\ThinkTemplate.class.php 第 404 行.
NOTIC: [8192] preg_replace(): The /e modifier is deprecated, use preg_replace_callback instead D:\www\orderSystem\inc\Lib\Template\ThinkTemplate.class.php 第 404 行.
NOTIC: [8192] preg_replace(): The /e modifier is deprecated, use preg_replace_callback instead D:\www\orderSystem\inc\Lib\Template\ThinkTemplate.class.php 第 404 行.
NOTIC: [8192] preg_replace(): The /e modifier is deprecated, use preg_replace_callback instead D:\www\orderSystem\inc\Lib\Template\ThinkTemplate.class.php 第 404 行.
NOTIC: [8192] preg_replace(): The /e modifier is deprecated, use preg_replace_callback instead D:\www\orderSystem\inc\Lib\Template\ThinkTemplate.class.php 第 404 行.
NOTIC: [8192] preg_replace(): The /e modifier is deprecated, use preg_replace_callback instead D:\www\orderSystem\inc\Lib\Template\ThinkTemplate.class.php 第 404 行.
NOTIC: [8192] preg_replace(): The /e modifier is deprecated, use preg_replace_callback instead D:\www\orderSystem\inc\Lib\Template\ThinkTemplate.class.php 第 404 行.
NOTIC: [8192] preg_replace(): The /e modifier is deprecated, use preg_replace_callback instead D:\www\orderSystem\inc\Lib\Template\ThinkTemplate.class.php 第 404 行.
NOTIC: [8192] preg_replace(): The /e modifier is deprecated, use preg_replace_callback instead D:\www\orderSystem\inc\Lib\Template\ThinkTemplate.class.php 第 404 行.
NOTIC: [8192] preg_replace(): The /e modifier is deprecated, use preg_replace_callback instead D:\www\orderSystem\inc\Lib\Template\ThinkTemplate.class.php 第 404 行.
NOTIC: [8192] preg_replace(): The /e modifier is deprecated, use preg_replace_callback instead D:\www\orderSystem\inc\Lib\Template\ThinkTemplate.class.php 第 404 行.
NOTIC: [8192] preg_replace(): The /e modifier is deprecated, use preg_replace_callback instead D:\www\orderSystem\inc\Lib\Template\ThinkTemplate.class.php 第 404 行.
NOTIC: [8192] preg_replace(): The /e modifier is deprecated, use preg_replace_callback instead D:\www\orderSystem\inc\Lib\Template\ThinkTemplate.class.php 第 404 行.
NOTIC: [8192] preg_replace(): The /e modifier is deprecated, use preg_replace_callback instead D:\www\orderSystem\inc\Lib\Template\ThinkTemplate.class.php 第 404 行.
NOTIC: [8192] preg_replace(): The /e modifier is deprecated, use preg_replace_callback instead D:\www\orderSystem\inc\Lib\Template\ThinkTemplate.class.php 第 404 行.
NOTIC: [8192] preg_replace(): The /e modifier is deprecated, use preg_replace_callback instead D:\www\orderSystem\inc\Lib\Template\ThinkTemplate.class.php 第 404 行.
NOTIC: [8192] preg_replace(): The /e modifier is deprecated, use preg_replace_callback instead D:\www\orderSystem\inc\Lib\Template\ThinkTemplate.class.php 第 399 行.
NOTIC: [8192] preg_replace(): The /e modifier is deprecated, use preg_replace_callback instead D:\www\orderSystem\inc\Lib\Template\ThinkTemplate.class.php 第 399 行.
NOTIC: [8192] preg_replace(): The /e modifier is deprecated, use preg_replace_callback instead D:\www\orderSystem\inc\Lib\Template\ThinkTemplate.class.php 第 399 行.
NOTIC: [8192] preg_replace(): The /e modifier is deprecated, use preg_replace_callback instead D:\www\orderSystem\inc\Lib\Template\ThinkTemplate.class.php 第 399 行.
NOTIC: [8192] preg_replace(): The /e modifier is deprecated, use preg_replace_callback instead D:\www\orderSystem\inc\Lib\Template\ThinkTemplate.class.php 第 399 行.
NOTIC: [8192] preg_replace(): The /e modifier is deprecated, use preg_replace_callback instead D:\www\orderSystem\inc\Lib\Template\ThinkTemplate.class.php 第 399 行.
NOTIC: [8192] preg_replace(): The /e modifier is deprecated, use preg_replace_callback instead D:\www\orderSystem\inc\Lib\Template\ThinkTemplate.class.php 第 404 行.
NOTIC: [8192] preg_replace(): The /e modifier is deprecated, use preg_replace_callback instead D:\www\orderSystem\inc\Lib\Template\ThinkTemplate.class.php 第 404 行.
NOTIC: [8192] preg_replace(): The /e modifier is deprecated, use preg_replace_callback instead D:\www\orderSystem\inc\Lib\Template\ThinkTemplate.class.php 第 404 行.
NOTIC: [8192] preg_replace(): The /e modifier is deprecated, use preg_replace_callback instead D:\www\orderSystem\inc\Lib\Template\ThinkTemplate.class.php 第 197 行.
NOTIC: [8192] preg_replace(): The /e modifier is deprecated, use preg_replace_callback instead D:\www\orderSystem\inc\Lib\Template\ThinkTemplate.class.php 第 137 行.
NOTIC: [8] Undefined variable: name D:\www\orderSystem\data\Cache\34d5a71360bde15a5314351f0243b683.php 第 47 行.
NOTIC: [8] Undefined variable: isorder D:\www\orderSystem\data\Cache\34d5a71360bde15a5314351f0243b683.php 第 76 行.
NOTIC: [8] Undefined variable: name D:\www\orderSystem\data\Cache\34d5a71360bde15a5314351f0243b683.php 第 101 行.
NOTIC: [8] Undefined variable: name D:\www\orderSystem\data\Cache\34d5a71360bde15a5314351f0243b683.php 第 235 行.
NOTIC: [8] Undefined variable: icp D:\www\orderSystem\data\Cache\34d5a71360bde15a5314351f0243b683.php 第 235 行.
NOTIC: [8] Undefined variable: foodcatlist D:\www\orderSystem\data\Cache\34d5a71360bde15a5314351f0243b683.php 第 261 行.
INFO: ParseTemplate Behavior ::run [ RunTime:0.087005s ]
INFO: [ view_parse ] --END-- [ RunTime:0.088005s ]
INFO: [ view_filter ] --START--
INFO: ContentReplace Behavior ::run [ RunTime:0.001000s ]
INFO: TokenBuild Behavior ::run [ RunTime:0.001000s ]
INFO: WriteHtmlCache Behavior ::run [ RunTime:0.001000s ]
INFO: ShowRuntime Behavior ::run [ RunTime:0.002000s ]
INFO: [ view_filter ] --END-- [ RunTime:0.007000s ]
INFO: [ view_end ] --START--
INFO: ShowPageTrace Behavior ::run [ RunTime:0.002001s ]
INFO: [ view_end ] --END-- [ RunTime:0.003001s ]

